2020-05-04 16:52:42,152 - spicejet -INFO - URL opened
2020-05-04 16:52:57,283 - spicejet -INFO - Username entered
2020-05-04 16:52:57,418 - spicejet -INFO - Password entered
2020-05-04 16:53:00,690 - spicejet -INFO - Clicked on login button
2020-05-04 16:53:19,926 - spicejet -INFO - Username entered
2020-05-04 16:53:20,188 - spicejet -INFO - Password entered
2020-05-04 16:53:23,859 - spicejet -INFO - Clicked on login button
2020-05-04 16:53:43,463 - spicejet -INFO - Username entered
2020-05-04 16:53:43,768 - spicejet -INFO - Password entered
2020-05-04 16:53:43,940 - spicejet -INFO - Clicked on login button
2020-05-04 16:53:49,656 - spicejet -INFO - Login failed
2020-05-04 16:53:49,661 - spicejet -INFO - Test case passed
2020-05-04 16:55:20,672 - spicejet -INFO - URL opened
2020-05-04 16:55:51,018 - spicejet -INFO - Username entered
2020-05-04 16:55:51,212 - spicejet -INFO - Password entered
2020-05-04 16:55:54,223 - spicejet -INFO - Clicked on login button
2020-05-04 16:56:07,249 - spicejet -INFO - Username entered
2020-05-04 16:56:07,504 - spicejet -INFO - Password entered
2020-05-04 16:56:10,405 - spicejet -INFO - Clicked on login button
2020-05-04 16:56:25,260 - spicejet -INFO - Username entered
2020-05-04 16:56:25,429 - spicejet -INFO - Password entered
2020-05-04 16:56:25,532 - spicejet -INFO - Clicked on login button
2020-05-04 16:56:28,680 - spicejet -INFO - Login failed
2020-05-04 16:56:28,681 - spicejet -INFO - Test case passed
2020-05-04 16:58:09,565 - spicejet -INFO - URL opened
2020-05-04 16:58:17,807 - spicejet -INFO - Username entered
2020-05-04 16:58:17,995 - spicejet -INFO - Password entered
2020-05-04 16:58:21,113 - spicejet -INFO - Clicked on login button
2020-05-04 16:58:34,569 - spicejet -INFO - Username entered
2020-05-04 16:58:34,821 - spicejet -INFO - Password entered
2020-05-04 16:58:37,783 - spicejet -INFO - Clicked on login button
2020-05-04 16:58:51,421 - spicejet -INFO - Username entered
2020-05-04 16:58:51,679 - spicejet -INFO - Password entered
2020-05-04 16:58:51,832 - spicejet -INFO - Clicked on login button
2020-05-04 16:58:55,000 - spicejet -INFO - Login failed
2020-05-04 16:58:55,001 - spicejet -INFO - Test case passed
2020-05-04 17:00:35,331 - spicejet -INFO - URL opened
2020-05-04 17:00:41,671 - spicejet -INFO - Username entered
2020-05-04 17:00:41,985 - spicejet -INFO - Password entered
2020-05-04 17:00:42,240 - spicejet -INFO - Clicked on login button
2020-05-04 17:00:45,440 - spicejet -INFO - Login failed
2020-05-04 17:00:45,440 - spicejet -INFO - Test case passed
2020-05-04 17:00:49,122 - spicejet -INFO - Username entered
2020-05-04 17:00:49,301 - spicejet -INFO - Password entered
2020-05-04 17:00:49,411 - spicejet -INFO - Clicked on login button
2020-05-04 17:00:52,500 - spicejet -INFO - Login failed
2020-05-04 17:00:52,501 - spicejet -INFO - Test case passed
2020-05-04 17:00:55,273 - spicejet -INFO - Username entered
2020-05-04 17:00:55,437 - spicejet -INFO - Password entered
2020-05-04 17:01:00,871 - spicejet -INFO - Clicked on login button
2020-05-04 17:01:13,797 - spicejet -INFO - Username entered
2020-05-04 17:01:13,968 - spicejet -INFO - Password entered
2020-05-04 17:01:18,109 - spicejet -INFO - Clicked on login button
2020-05-04 17:01:31,079 - spicejet -INFO - Username entered
2020-05-04 17:01:31,223 - spicejet -INFO - Password entered
2020-05-04 17:01:34,871 - spicejet -INFO - Clicked on login button
2020-05-04 17:04:19,552 - spicejet -INFO - URL opened
2020-05-04 17:04:27,529 - spicejet -INFO - Username entered
2020-05-04 17:04:27,710 - spicejet -INFO - Password entered
2020-05-04 17:04:27,845 - spicejet -INFO - Clicked on login button
2020-05-04 17:04:31,063 - spicejet -INFO - Login failed
2020-05-04 17:04:31,064 - spicejet -INFO - Test case passed
2020-05-04 17:05:47,674 - spicejet -INFO - URL opened
2020-05-04 17:05:54,907 - spicejet -INFO - Username entered
2020-05-04 17:05:55,133 - spicejet -INFO - Password entered
2020-05-04 17:05:55,345 - spicejet -INFO - Clicked on login button
2020-05-04 17:05:58,524 - spicejet -INFO - Login failed
2020-05-04 17:05:58,525 - spicejet -INFO - Test case passed
2020-05-04 17:07:31,260 - spicejet -INFO - URL opened
2020-05-04 17:07:40,703 - spicejet -INFO - Username entered
2020-05-04 17:07:40,953 - spicejet -INFO - Password entered
2020-05-04 17:07:41,136 - spicejet -INFO - Clicked on login button
2020-05-04 17:07:44,338 - spicejet -INFO - Login failed
2020-05-04 17:07:44,339 - spicejet -INFO - Test case passed
2020-05-04 17:09:40,023 - spicejet -INFO - URL opened
2020-05-04 17:09:50,582 - spicejet -INFO - Username entered
2020-05-04 17:09:50,911 - spicejet -INFO - Password entered
2020-05-04 17:09:51,144 - spicejet -INFO - Clicked on login button
2020-05-04 17:09:54,369 - spicejet -INFO - Login failed
2020-05-04 17:09:54,370 - spicejet -INFO - Test case passed
2020-05-04 17:11:11,516 - spicejet -INFO - URL opened
2020-05-04 17:11:18,058 - spicejet -INFO - Username entered
2020-05-04 17:11:18,336 - spicejet -INFO - Password entered
2020-05-04 17:11:18,592 - spicejet -INFO - Clicked on login button
2020-05-04 17:11:21,842 - spicejet -INFO - Login failed
2020-05-04 17:11:21,842 - spicejet -INFO - Test case passed
2020-05-04 17:11:24,433 - spicejet -INFO - Username entered
2020-05-04 17:11:24,630 - spicejet -INFO - Password entered
2020-05-04 17:11:24,775 - spicejet -INFO - Clicked on login button
2020-05-04 17:11:27,850 - spicejet -INFO - Login failed
2020-05-04 17:11:27,851 - spicejet -INFO - Test case passed
2020-05-04 17:11:50,953 - spicejet -INFO - Username entered
2020-05-04 17:11:51,207 - spicejet -INFO - Password entered
2020-05-04 17:11:56,804 - spicejet -INFO - Clicked on login button
2020-05-04 17:12:16,175 - spicejet -INFO - Username entered
2020-05-04 17:12:16,265 - spicejet -INFO - Password entered
2020-05-04 17:12:16,398 - spicejet -INFO - Clicked on login button
2020-05-04 17:12:29,593 - spicejet -INFO - Username entered
2020-05-04 17:12:29,655 - spicejet -INFO - Password entered
2020-05-04 17:12:29,756 - spicejet -INFO - Clicked on login button
2020-05-04 17:15:52,747 - spicejet -INFO - URL opened
2020-05-04 17:16:00,245 - spicejet -INFO - Username entered
2020-05-04 17:16:00,507 - spicejet -INFO - Password entered
2020-05-04 17:16:00,700 - spicejet -INFO - Clicked on login button
2020-05-04 17:16:03,887 - spicejet -INFO - Login failed
2020-05-04 17:16:03,887 - spicejet -INFO - Test case passed
2020-05-04 17:19:12,090 - spicejet -INFO - URL opened
2020-05-04 17:19:21,708 - spicejet -INFO - Username entered
2020-05-04 17:19:21,973 - spicejet -INFO - Password entered
2020-05-04 17:19:22,176 - spicejet -INFO - Clicked on login button
2020-05-04 17:19:25,425 - spicejet -INFO - Login failed
2020-05-04 17:19:25,426 - spicejet -INFO - Test case passed
2020-05-04 17:19:29,171 - spicejet -INFO - Username entered
2020-05-04 17:19:29,335 - spicejet -INFO - Password entered
2020-05-04 17:19:29,457 - spicejet -INFO - Clicked on login button
2020-05-04 17:19:32,508 - spicejet -INFO - Login failed
2020-05-04 17:19:32,508 - spicejet -INFO - Test case passed
2020-05-04 17:19:35,455 - spicejet -INFO - Username entered
2020-05-04 17:19:35,605 - spicejet -INFO - Password entered
2020-05-04 17:19:41,161 - spicejet -INFO - Clicked on login button
2020-05-04 17:19:54,318 - spicejet -INFO - Username entered
2020-05-04 17:19:54,580 - spicejet -INFO - Password entered
2020-05-04 17:19:58,677 - spicejet -INFO - Clicked on login button
2020-05-04 17:20:12,180 - spicejet -INFO - Username entered
2020-05-04 17:20:12,330 - spicejet -INFO - Password entered
2020-05-04 17:20:14,934 - spicejet -INFO - Clicked on login button
2020-05-04 17:22:02,873 - spicejet -INFO - URL opened
2020-05-04 17:22:09,855 - spicejet -INFO - Username entered
2020-05-04 17:22:10,175 - spicejet -INFO - Password entered
2020-05-04 17:22:10,420 - spicejet -INFO - Clicked on login button
2020-05-04 17:22:24,199 - spicejet -INFO - Username entered
2020-05-04 17:22:24,377 - spicejet -INFO - Password entered
2020-05-04 17:22:27,142 - spicejet -INFO - Clicked on login button
2020-05-04 17:22:30,222 - spicejet -INFO - Login failed
2020-05-04 17:22:30,222 - spicejet -INFO - Test case passed
2020-05-04 17:22:34,670 - spicejet -INFO - Username entered
2020-05-04 17:22:34,904 - spicejet -INFO - Password entered
2020-05-04 17:22:39,116 - spicejet -INFO - Clicked on login button
2020-05-04 17:22:42,213 - spicejet -INFO - Login failed
2020-05-04 17:22:42,213 - spicejet -INFO - Test case passed
2020-05-04 17:22:45,021 - spicejet -INFO - Username entered
2020-05-04 17:22:45,089 - spicejet -INFO - Password entered
2020-05-04 17:22:45,189 - spicejet -INFO - Clicked on login button
2020-05-04 17:22:58,112 - spicejet -INFO - Username entered
2020-05-04 17:22:58,235 - spicejet -INFO - Password entered
2020-05-04 17:22:58,461 - spicejet -INFO - Clicked on login button
2020-05-04 17:25:33,966 - spicejet -INFO - URL opened
2020-05-04 17:25:44,244 - spicejet -INFO - Username entered
2020-05-04 17:25:44,555 - spicejet -INFO - Password entered
2020-05-04 17:25:44,775 - spicejet -INFO - Clicked on login button
2020-05-04 17:25:47,934 - spicejet -INFO - Login failed
2020-05-04 17:25:47,935 - spicejet -INFO - Test case passed
2020-05-04 17:25:51,714 - spicejet -INFO - Username entered
2020-05-04 17:25:51,912 - spicejet -INFO - Password entered
2020-05-04 17:25:52,056 - spicejet -INFO - Clicked on login button
2020-05-04 17:25:55,100 - spicejet -INFO - Login failed
2020-05-04 17:25:55,100 - spicejet -INFO - Test case passed
2020-05-04 17:25:58,697 - spicejet -INFO - Username entered
2020-05-04 17:25:58,950 - spicejet -INFO - Password entered
2020-05-04 17:26:10,155 - spicejet -INFO - Clicked on login button
2020-05-04 17:26:24,181 - spicejet -INFO - Username entered
2020-05-04 17:26:24,348 - spicejet -INFO - Password entered
2020-05-04 17:26:27,976 - spicejet -INFO - Clicked on login button
2020-05-04 17:27:07,761 - spicejet -INFO - Username entered
2020-05-04 17:27:07,994 - spicejet -INFO - Password entered
2020-05-04 17:27:17,508 - spicejet -INFO - Clicked on login button
2020-05-04 17:28:20,684 - spicejet -INFO - URL opened
2020-05-04 17:28:29,136 - spicejet -INFO - Username entered
2020-05-04 17:28:29,332 - spicejet -INFO - Password entered
2020-05-04 17:28:29,462 - spicejet -INFO - Clicked on login button
2020-05-04 17:28:32,622 - spicejet -INFO - Login failed
2020-05-04 17:28:32,624 - spicejet -INFO - Test case passed
2020-05-04 17:59:05,832 - spicejet -INFO - URL opened
2020-05-04 17:59:33,487 - spicejet -INFO - Username entered
2020-05-04 17:59:33,810 - spicejet -INFO - Password entered
2020-05-04 17:59:34,014 - spicejet -INFO - Clicked on login button
2020-05-04 17:59:39,835 - spicejet -INFO - Login failed
2020-05-04 17:59:39,836 - spicejet -INFO - Test case passed
2020-05-04 18:01:29,144 - spicejet -INFO - URL opened
2020-05-04 18:01:35,667 - spicejet -INFO - Username entered
2020-05-04 18:01:35,955 - spicejet -INFO - Password entered
2020-05-04 18:01:36,214 - spicejet -INFO - Clicked on login button
2020-05-04 18:01:39,413 - spicejet -INFO - Login failed
2020-05-04 18:01:39,414 - spicejet -INFO - Test case passed
2020-05-04 18:02:39,070 - spicejet -INFO - URL opened
2020-05-04 18:02:46,997 - spicejet -INFO - Username entered
2020-05-04 18:02:47,275 - spicejet -INFO - Password entered
2020-05-04 18:02:47,403 - spicejet -INFO - Clicked on login button
2020-05-04 18:02:50,560 - spicejet -INFO - Login failed
2020-05-04 18:02:50,561 - spicejet -INFO - Test case passed
2020-05-04 18:02:53,751 - spicejet -INFO - Username entered
2020-05-04 18:02:53,865 - spicejet -INFO - Password entered
2020-05-04 18:02:53,989 - spicejet -INFO - Clicked on login button
2020-05-04 18:02:57,065 - spicejet -INFO - Login failed
2020-05-04 18:02:57,066 - spicejet -INFO - Test case passed
2020-05-04 18:02:59,988 - spicejet -INFO - Username entered
2020-05-04 18:03:00,229 - spicejet -INFO - Password entered
2020-05-04 18:03:05,636 - spicejet -INFO - Clicked on login button
2020-05-04 18:03:18,772 - spicejet -INFO - Username entered
2020-05-04 18:03:19,030 - spicejet -INFO - Password entered
2020-05-04 18:03:23,315 - spicejet -INFO - Clicked on login button
2020-05-04 18:03:36,059 - spicejet -INFO - Username entered
2020-05-04 18:03:36,251 - spicejet -INFO - Password entered
2020-05-04 18:03:39,085 - spicejet -INFO - Clicked on login button
2020-05-04 18:04:31,786 - spicejet -INFO - URL opened
2020-05-04 18:04:39,991 - spicejet -INFO - Username entered
2020-05-04 18:04:40,255 - spicejet -INFO - Password entered
2020-05-04 18:04:40,429 - spicejet -INFO - Clicked on login button
2020-05-04 18:04:43,578 - spicejet -INFO - Login failed
2020-05-04 18:04:43,579 - spicejet -INFO - Test case passed
2020-05-04 18:04:47,254 - spicejet -INFO - Username entered
2020-05-04 18:04:47,479 - spicejet -INFO - Password entered
2020-05-04 18:04:47,621 - spicejet -INFO - Clicked on login button
2020-05-04 18:04:50,684 - spicejet -INFO - Login failed
2020-05-04 18:04:50,684 - spicejet -INFO - Test case passed
2020-05-04 18:04:53,992 - spicejet -INFO - Username entered
2020-05-04 18:04:54,175 - spicejet -INFO - Password entered
2020-05-04 18:04:59,020 - spicejet -INFO - Clicked on login button
2020-05-04 18:05:12,054 - spicejet -INFO - Username entered
2020-05-04 18:05:12,266 - spicejet -INFO - Password entered
2020-05-04 18:05:15,298 - spicejet -INFO - Clicked on login button
2020-05-04 18:05:29,723 - spicejet -INFO - Username entered
2020-05-04 18:05:29,985 - spicejet -INFO - Password entered
2020-05-04 18:05:33,945 - spicejet -INFO - Clicked on login button
2020-05-04 18:10:46,843 - spicejet -INFO - URL opened
2020-05-04 18:11:19,175 - spicejet -INFO - Username entered
2020-05-04 18:11:19,478 - spicejet -INFO - Password entered
2020-05-04 18:11:19,677 - spicejet -INFO - Clicked on login button
2020-05-04 18:11:24,679 - spicejet -INFO - Login failed
2020-05-04 18:11:24,680 - spicejet -INFO - Test case passed
2020-05-04 18:13:19,726 - spicejet -INFO - URL opened
2020-05-04 18:13:26,360 - spicejet -INFO - Username entered
2020-05-04 18:13:26,725 - spicejet -INFO - Password entered
2020-05-04 18:13:26,906 - spicejet -INFO - Clicked on login button
2020-05-04 18:13:30,151 - spicejet -INFO - Login failed
2020-05-04 18:13:30,152 - spicejet -INFO - Test case passed
2020-05-04 18:14:24,723 - spicejet -INFO - URL opened
2020-05-04 18:14:31,724 - spicejet -INFO - Username entered
2020-05-04 18:14:31,902 - spicejet -INFO - Password entered
2020-05-04 18:14:32,051 - spicejet -INFO - Clicked on login button
2020-05-04 18:14:35,224 - spicejet -INFO - Login failed
2020-05-04 18:14:35,224 - spicejet -INFO - Test case passed
2020-05-04 18:15:14,903 - spicejet -INFO - URL opened
2020-05-04 18:15:23,462 - spicejet -INFO - Username entered
2020-05-04 18:15:23,673 - spicejet -INFO - Password entered
2020-05-04 18:15:23,813 - spicejet -INFO - Clicked on login button
2020-05-04 18:15:26,975 - spicejet -INFO - Login failed
2020-05-04 18:15:26,975 - spicejet -INFO - Test case passed
2020-05-04 18:16:16,139 - spicejet -INFO - URL opened
2020-05-04 18:16:23,782 - spicejet -INFO - Username entered
2020-05-04 18:16:24,060 - spicejet -INFO - Password entered
2020-05-04 18:16:24,229 - spicejet -INFO - Clicked on login button
2020-05-04 18:16:27,422 - spicejet -INFO - Login failed
2020-05-04 18:16:27,422 - spicejet -INFO - Test case passed
2020-05-04 18:16:30,285 - spicejet -INFO - Username entered
2020-05-04 18:16:30,408 - spicejet -INFO - Password entered
2020-05-04 18:16:30,532 - spicejet -INFO - Clicked on login button
2020-05-04 18:16:33,635 - spicejet -INFO - Login failed
2020-05-04 18:16:33,636 - spicejet -INFO - Test case passed
2020-05-04 18:16:36,614 - spicejet -INFO - Username entered
2020-05-04 18:16:36,919 - spicejet -INFO - Password entered
2020-05-04 18:16:56,166 - spicejet -INFO - Clicked on login button
2020-05-04 18:17:10,090 - spicejet -INFO - Username entered
2020-05-04 18:17:10,397 - spicejet -INFO - Password entered
2020-05-04 18:17:23,900 - spicejet -INFO - Clicked on login button
2020-05-04 18:17:36,284 - spicejet -INFO - Username entered
2020-05-04 18:17:36,425 - spicejet -INFO - Password entered
2020-05-04 18:17:39,361 - spicejet -INFO - Clicked on login button
2020-05-04 18:18:26,266 - spicejet -INFO - URL opened
2020-05-04 18:18:34,265 - spicejet -INFO - Username entered
2020-05-04 18:18:34,463 - spicejet -INFO - Password entered
2020-05-04 18:18:34,591 - spicejet -INFO - Clicked on login button
2020-05-04 18:18:37,745 - spicejet -INFO - Login failed
2020-05-04 18:18:37,746 - spicejet -INFO - Test case passed
2020-05-04 18:18:40,831 - spicejet -INFO - Username entered
2020-05-04 18:18:41,168 - spicejet -INFO - Password entered
2020-05-04 18:18:41,321 - spicejet -INFO - Clicked on login button
2020-05-04 18:18:44,378 - spicejet -INFO - Login failed
2020-05-04 18:18:44,378 - spicejet -INFO - Test case passed
2020-05-04 18:18:47,326 - spicejet -INFO - Username entered
2020-05-04 18:18:47,479 - spicejet -INFO - Password entered
2020-05-04 18:18:52,612 - spicejet -INFO - Clicked on login button
2020-05-04 18:19:06,010 - spicejet -INFO - Username entered
2020-05-04 18:19:06,133 - spicejet -INFO - Password entered
2020-05-04 18:19:11,698 - spicejet -INFO - Clicked on login button
2020-05-04 18:19:25,167 - spicejet -INFO - Username entered
2020-05-04 18:19:25,324 - spicejet -INFO - Password entered
2020-05-04 18:19:29,475 - spicejet -INFO - Clicked on login button
2020-05-04 18:22:07,262 - spicejet -INFO - URL opened
2020-05-04 18:22:17,454 - spicejet -INFO - Username entered
2020-05-04 18:22:17,643 - spicejet -INFO - Password entered
2020-05-04 18:22:17,781 - spicejet -INFO - Clicked on login button
2020-05-04 18:22:20,959 - spicejet -INFO - Login failed
2020-05-04 18:22:20,959 - spicejet -INFO - Test case passed
2020-05-04 18:22:25,319 - spicejet -INFO - Username entered
2020-05-04 18:22:25,504 - spicejet -INFO - Password entered
2020-05-04 18:22:25,643 - spicejet -INFO - Clicked on login button
2020-05-04 18:22:28,718 - spicejet -INFO - Login failed
2020-05-04 18:22:28,718 - spicejet -INFO - Test case passed
2020-05-04 18:22:31,419 - spicejet -INFO - Username entered
2020-05-04 18:22:31,662 - spicejet -INFO - Password entered
2020-05-04 18:22:37,665 - spicejet -INFO - Clicked on login button
2020-05-04 18:22:52,572 - spicejet -INFO - Username entered
2020-05-04 18:22:52,731 - spicejet -INFO - Password entered
2020-05-04 18:22:55,865 - spicejet -INFO - Clicked on login button
2020-05-04 18:23:09,811 - spicejet -INFO - Username entered
2020-05-04 18:23:09,979 - spicejet -INFO - Password entered
2020-05-04 18:23:18,472 - spicejet -INFO - Clicked on login button
2020-05-04 18:31:28,625 - spicejet -INFO - URL opened
2020-05-04 18:32:21,255 - spicejet -INFO - Username entered
2020-05-04 18:32:21,457 - spicejet -INFO - Password entered
2020-05-04 18:32:24,211 - spicejet -INFO - Clicked on login button
2020-05-04 18:32:27,373 - spicejet -INFO - Login failed
2020-05-04 18:32:27,373 - spicejet -INFO - Test case passed
2020-05-04 18:32:33,699 - spicejet -INFO - Username entered
2020-05-04 18:32:33,847 - spicejet -INFO - Password entered
2020-05-04 18:32:37,124 - spicejet -INFO - Clicked on login button
2020-05-04 18:32:40,180 - spicejet -INFO - Login failed
2020-05-04 18:32:40,180 - spicejet -INFO - Test case passed
